Vivado Simulator 2018.3
Copyright 1986-1999, 2001-2018 Xilinx, Inc. All Rights Reserved.
Running: C:/Xilinx/Vivado/2018.3/bin/unwrapped/win64.o/xelab.exe -wto 900eda76aec0408fb215c9dec94c9d55 --incr --debug typical --relax --mt 2 -L xil_defaultlib -L secureip -L xpm --snapshot game_topshell_behav xil_defaultlib.game_topshell -log elaborate.log 
Using 2 slave threads.
Starting static elaboration
Completed static elaboration
Starting simulation data flow analysis
Completed simulation data flow analysis
Time Resolution for simulation is 1ps
Compiling package std.standard
Compiling package std.textio
Compiling package ieee.std_logic_1164
Compiling package ieee.std_logic_arith
Compiling package ieee.std_logic_unsigned
Compiling package ieee.numeric_std
Compiling package unisim.vcomponents
Compiling package ieee.std_logic_signed
Compiling package ieee.std_logic_textio
Compiling package ieee.vital_timing
Compiling package ieee.vital_primitives
Compiling package unisim.vpkg
Compiling architecture bufg_v of entity unisim.BUFG [bufg_default]
Compiling architecture behavioral of entity xil_defaultlib.vga_working [vga_working_default]
Compiling architecture gnd_v of entity unisim.GND [gnd_default]
Compiling architecture rb18_internal_vhdl_v of entity unisim.RB18_INTERNAL_VHDL [\RB18_INTERNAL_VHDL(bram_size=18...]
Compiling architecture ramb18e1_v of entity unisim.RAMB18E1 [\RAMB18E1(doa_reg=1,dob_reg=1,re...]
Compiling architecture structure of entity xil_defaultlib.blk_mem_gen_1_blk_mem_gen_prim_wrapper [blk_mem_gen_1_blk_mem_gen_prim_w...]
Compiling architecture structure of entity xil_defaultlib.blk_mem_gen_1_blk_mem_gen_prim_width [blk_mem_gen_1_blk_mem_gen_prim_w...]
Compiling architecture structure of entity xil_defaultlib.blk_mem_gen_1_blk_mem_gen_generic_cstr [blk_mem_gen_1_blk_mem_gen_generi...]
Compiling architecture structure of entity xil_defaultlib.blk_mem_gen_1_blk_mem_gen_top [blk_mem_gen_1_blk_mem_gen_top_de...]
Compiling architecture structure of entity xil_defaultlib.blk_mem_gen_1_blk_mem_gen_v8_4_2_synth [blk_mem_gen_1_blk_mem_gen_v8_4_2...]
Compiling architecture structure of entity xil_defaultlib.blk_mem_gen_1_blk_mem_gen_v8_4_2 [blk_mem_gen_1_blk_mem_gen_v8_4_2...]
Compiling architecture structure of entity xil_defaultlib.blk_mem_gen_1 [blk_mem_gen_1_default]
Compiling architecture behavioral of entity xil_defaultlib.button_control [button_control_default]
Compiling architecture behavioral of entity xil_defaultlib.game_topshell
Built simulation snapshot game_topshell_behav
