Copyright 1986-2018 Xilinx, Inc. All Rights Reserved.
-----------------------------------------------------------------------------------------------
| Tool Version : Vivado v.2018.2.2 (win64) Build 2348494 Mon Oct  1 18:25:44 MDT 2018
| Date         : Thu May 30 16:17:51 2019
| Host         : DESKTOP-NLIN2T4 running 64-bit major release  (build 9200)
| Command      : report_control_sets -verbose -file vga_driver_part3_1_control_sets_placed.rpt
| Design       : vga_driver_part3_1
| Device       : xc7a35t
-----------------------------------------------------------------------------------------------

Control Set Information

Table of Contents
-----------------
1. Summary
2. Histogram
3. Flip-Flop Distribution
4. Detailed Control Set Information

1. Summary
----------

+----------------------------------------------------------+-------+
|                          Status                          | Count |
+----------------------------------------------------------+-------+
| Number of unique control sets                            |    10 |
| Unused register locations in slices containing registers |    36 |
+----------------------------------------------------------+-------+


2. Histogram
------------

+--------+--------------+
| Fanout | Control Sets |
+--------+--------------+
|      2 |            3 |
|      4 |            1 |
|      8 |            1 |
|     10 |            1 |
|    16+ |            4 |
+--------+--------------+


3. Flip-Flop Distribution
-------------------------

+--------------+-----------------------+------------------------+-----------------+--------------+
| Clock Enable | Synchronous Set/Reset | Asynchronous Set/Reset | Total Registers | Total Slices |
+--------------+-----------------------+------------------------+-----------------+--------------+
| No           | No                    | No                     |               6 |            3 |
| No           | No                    | Yes                    |               0 |            0 |
| No           | Yes                   | No                     |             128 |           18 |
| Yes          | No                    | No                     |              30 |            6 |
| Yes          | No                    | Yes                    |               0 |            0 |
| Yes          | Yes                   | No                     |              72 |           11 |
+--------------+-----------------------+------------------------+-----------------+--------------+


4. Detailed Control Set Information
-----------------------------------

+----------------+---------------------+---------------------+------------------+----------------+
|  Clock Signal  |    Enable Signal    |   Set/Reset Signal  | Slice Load Count | Bel Load Count |
+----------------+---------------------+---------------------+------------------+----------------+
|  clk25         |                     |                     |                1 |              2 |
|  clk25         |                     | Hsync0              |                1 |              2 |
|  clk25         |                     | Vsync0              |                1 |              2 |
|  clk_IBUF_BUFG |                     |                     |                2 |              4 |
|  clk25         | counterY[4]_i_1_n_0 | counterY[8]_i_1_n_0 |                2 |              8 |
|  clk25         | counterY[4]_i_1_n_0 |                     |                2 |             10 |
|  clk25         | VidToggle           |                     |                4 |             20 |
|  clk_IBUF_BUFG |                     | clk25_unbuf         |                8 |             62 |
|  clk25         |                     | posV                |                8 |             62 |
|  clk25         | posV                | posV[31]_i_1_n_0    |                9 |             64 |
+----------------+---------------------+---------------------+------------------+----------------+


